<?xml version="1.0" encoding="UTF-8"?>
<testsuite name="ChatMessageTest" tests="4" skipped="0" failures="0" errors="0" timestamp="2024-07-13T13:55:44" hostname="RUTUJ-HP" time="0.016">
  <properties/>
  <testcase name="getFieldModifiers_arePrivate()" classname="ChatMessageTest" time="0.012"/>
  <testcase name="getMethods_retrieveClassFields_unchangedSinceConstruction()" classname="ChatMessageTest" time="0.002"/>
  <testcase name="getFieldModifiers_areFinal()" classname="ChatMessageTest" time="0.0"/>
  <testcase name="getClassModifiers_isFinal()" classname="ChatMessageTest" time="0.0"/>
  <system-out><![CDATA[]]></system-out>
  <system-err><![CDATA[]]></system-err>
</testsuite>
